<?xml version="1.0" encoding="UTF-8" ?>
<testsuite tests="5" failures="0" name="runners.TestRunner" time="0.022" errors="0" skipped="0">
  <properties>
[...]
</properties>
  <testcase classname="Scenario: Case 1 - Login" name="Given I open browser and launch website" time="0.005"/>
  <testcase classname="Scenario: Case 1 - Login" name="When I click on add customer" time="0"/>
  <testcase classname="Scenario: Case 1 - Login" name="And I fill customer details" time="0"/>
  <testcase classname="Scenario: Case 1 - Login" name="Then I validate customer details" time="0"/>
  <testcase classname="Scenario: Case 1 - Login" name="Scenario: Case 1 - Login" time="0.017"/>
</testsuite>